2021-06-02 20:00:05 INFO  For Loop Output:8 - The Execution of For Loop Starts Here!!!!!
2021-06-02 20:00:05 INFO  For Loop Output:12 - The Even Number is :20
2021-06-02 20:00:05 INFO  For Loop Output:12 - The Even Number is :22
2021-06-02 20:00:05 INFO  For Loop Output:12 - The Even Number is :24
2021-06-02 20:00:05 INFO  For Loop Output:12 - The Even Number is :26
2021-06-02 20:00:05 INFO  For Loop Output:12 - The Even Number is :28
2021-06-02 20:00:05 INFO  For Loop Output:12 - The Even Number is :30
2021-06-02 20:00:05 INFO  For Loop Output:12 - The Even Number is :32
2021-06-02 20:00:05 INFO  For Loop Output:12 - The Even Number is :34
2021-06-02 20:00:05 INFO  For Loop Output:12 - The Even Number is :36
2021-06-02 20:00:05 INFO  For Loop Output:12 - The Even Number is :38
2021-06-02 20:00:05 INFO  For Loop Output:12 - The Even Number is :40
2021-06-02 20:00:05 INFO  For Loop Output:15 - The Execution of For Loop ends Here!!!!!
2021-06-03 10:18:00 INFO  For browser successful:21 - The execution  start here!!!!!
2021-06-03 10:18:29 INFO  For browser successful:35 - The navigate  browser
2021-06-03 10:18:45 INFO  For browser successful:48 - provide user name and password
2021-06-03 10:18:55 INFO  For browser successful:55 - The login successfully launch
2021-06-03 10:18:55 INFO  For browser successful:64 - The create user here
2021-06-03 10:19:11 INFO  For browser successful:78 - The creating user successfully
2021-06-03 10:19:11 INFO  For browser successful:87 - The deleting user here
2021-06-03 10:19:13 INFO  For browser successful:106 - The browser is logout here
2021-06-03 10:19:18 INFO  For browser successful:113 - The logout successfully
2021-06-03 10:19:18 INFO  For browser successful:120 - The application is close here
2021-06-03 10:19:23 INFO  For browser successful:126 - The application close successfully
2021-06-03 15:27:42 INFO  For browser successful:19 - The browser is launching
2021-06-03 15:28:52 INFO  For browser successful:27 - The launching browser successfully
2021-06-03 15:28:52 INFO  For browser successful:34 - The navigate browser
2021-06-03 15:28:52 INFO  For browser successful:41 - The navigate browser successfully
2021-06-03 15:28:52 INFO  For browser successful:48 - The login page open successfully
2021-06-03 15:28:52 INFO  For browser successful:49 - The create user name and password
2021-06-03 15:28:53 INFO  For browser successful:60 - The login page is successfully closed
2021-06-03 15:28:53 INFO  For browser successful:66 - The create user page successfully open
2021-06-03 15:28:53 INFO  For browser successful:90 - The open modify the user names page
2021-06-03 15:28:53 INFO  For browser successful:119 - The delete user page
2021-06-03 15:28:53 INFO  For browser successful:135 - The successfully deleted user page
2021-06-03 15:28:53 INFO  For browser successful:140 - The logout page is enter
2021-06-03 15:28:54 INFO  For browser successful:147 - The logout is successfully
2021-06-03 15:28:54 INFO  For browser successful:154 - The application close successfully
2021-06-03 15:32:08 INFO  For browser successful:19 - The browser is launching
2021-06-03 15:32:19 INFO  For browser successful:27 - The launching browser successfully
2021-06-03 15:32:19 INFO  For browser successful:34 - The navigate browser
2021-06-03 15:32:34 INFO  For browser successful:41 - The navigate browser successfully
2021-06-03 15:32:34 INFO  For browser successful:48 - The login page open successfully
2021-06-03 15:32:34 INFO  For browser successful:49 - The create user name and password
2021-06-03 15:32:39 INFO  For browser successful:60 - The login page is successfully closed
2021-06-03 15:32:39 INFO  For browser successful:66 - The create user page successfully open
2021-06-03 15:32:39 INFO  For browser successful:90 - The open modify the user names page
2021-06-03 15:32:39 INFO  For browser successful:119 - The delete user page
2021-06-03 15:32:39 INFO  For browser successful:135 - The successfully deleted user page
2021-06-03 15:32:39 INFO  For browser successful:140 - The logout page is enter
2021-06-03 15:32:40 INFO  For browser successful:147 - The logout is successfully
2021-06-03 15:32:41 INFO  For browser successful:154 - The application close successfully
2021-06-03 15:52:15 INFO  For browser successful:18 - The browser is launching successfully
2021-06-03 15:53:00 INFO  For browser successful:32 - The navigate the browser
2021-06-03 15:53:09 INFO  For browser successful:45 - The login page is open successfully
2021-06-03 15:53:09 INFO  For browser successful:46 - The create user name and password
2021-06-03 15:53:16 INFO  For browser successful:57 - The login page closed successfully
2021-06-03 15:53:16 INFO  For browser successful:63 - The create customer page in open
2021-06-03 15:53:16 INFO  For browser successful:84 - The delete customer page in open
2021-06-03 15:53:16 INFO  For browser successful:102 - The page is logout successfully
2021-06-03 15:53:23 INFO  For browser successful:118 - The application is close successfully
2021-06-03 16:16:09 INFO  For browser successful:18 - The browser launch successfully
2021-06-03 16:16:44 INFO  For browser successful:32 - The navigate browser
2021-06-03 16:16:56 INFO  For browser successful:45 - The login page is open successfully
2021-06-03 16:16:56 INFO  For browser successful:46 - The create user name and password
2021-06-03 16:17:02 INFO  For browser successful:63 - The create customer page open
2021-06-03 16:17:03 INFO  For browser successful:83 - The customer name is modified successfully 
2021-06-03 16:17:03 INFO  For browser successful:105 - The delete customer page is successfully
2021-06-03 16:17:06 INFO  For browser successful:122 - The logout option is performed
2021-06-03 16:17:06 INFO  For browser successful:133 - The application closed successfully
2021-06-03 16:18:31 INFO  For browser successful:18 - The browser launch successfully
2021-06-03 16:18:46 INFO  For browser successful:32 - The navigate the browser
2021-06-03 16:18:53 INFO  For browser successful:45 - The login page is open successfully
2021-06-03 16:18:53 INFO  For browser successful:46 - The create user name and password
2021-06-03 16:19:01 INFO  For browser successful:57 - The login page closed successfully
2021-06-03 16:19:01 INFO  For browser successful:63 - The create customer page in open
2021-06-03 16:19:04 INFO  For browser successful:67 - The create customer name successfully
2021-06-03 16:19:06 INFO  For browser successful:73 - The create customer page is closed
2021-06-03 16:19:06 INFO  For browser successful:84 - The delete customer page in open
2021-06-03 16:19:07 INFO  For browser successful:102 - The page is logout successfully
2021-06-03 16:19:13 INFO  For browser successful:118 - The application is close successfully
2021-06-03 16:20:41 INFO  For browser successful:18 - The browser launch successfully
2021-06-03 16:21:06 INFO  For browser successful:32 - The navigate browser
2021-06-03 16:21:13 INFO  For browser successful:45 - The login page is open successfully
2021-06-03 16:21:13 INFO  For browser successful:46 - The create user name and password
2021-06-03 16:21:19 INFO  For browser successful:63 - The create customer page open
2021-06-03 16:21:19 INFO  For browser successful:83 - The customer name is modified successfully 
2021-06-03 16:21:19 INFO  For browser successful:105 - The delete customer page is successfully
2021-06-03 16:21:23 INFO  For browser successful:122 - The logout option is performed
2021-06-03 16:21:23 INFO  For browser successful:133 - The application closed successfully
2021-06-03 16:40:14 INFO  For browser successful:18 - The browser launch successfully
2021-06-03 16:40:46 INFO  For browser successful:32 - The browser navigate
2021-06-03 16:40:53 INFO  For browser successful:45 - The login page open successfully 
2021-06-03 16:40:53 INFO  For browser successful:46 - The user name and password provided
2021-06-03 16:41:00 INFO  For browser successful:53 - The login page closed
2021-06-03 16:41:00 INFO  For browser successful:63 - The customer created successfully
2021-06-03 16:41:05 INFO  For browser successful:74 - The customer page closed successfully
2021-06-03 16:41:05 INFO  For browser successful:84 - The project created successfully 
2021-06-03 16:41:06 INFO  For browser successful:94 - The create project page closed
2021-06-03 16:41:06 INFO  For browser successful:100 - The project delete page is open
2021-06-03 16:41:06 INFO  For browser successful:122 - The delete customer page is open
2021-06-03 16:41:06 INFO  For browser successful:139 - The logout option performed
2021-06-03 16:41:09 INFO  For browser successful:152 - The application closed successfully
2021-06-03 16:55:12 INFO  For browser successful:18 - The browser launch successfully
2021-06-03 16:55:47 INFO  For browser successful:32 - The browser navigate
2021-06-03 16:55:57 INFO  For browser successful:45 - The login page open successfully 
2021-06-03 16:55:57 INFO  For browser successful:46 - The user name and password provided
2021-06-03 16:56:06 INFO  For browser successful:65 - The customer created successfully
2021-06-03 16:56:06 INFO  For browser successful:90 - The project created successfully 
2021-06-03 16:56:06 INFO  For browser successful:113 - The modify project successfully
2021-06-03 16:56:06 INFO  For browser successful:136 - The project delete page is open
2021-06-03 16:56:06 INFO  For browser successful:155 - The delete customer page is open
2021-06-03 16:56:07 INFO  For browser successful:178 - The logout option performed
2021-06-03 16:56:07 INFO  For browser successful:191 - The application closed successfully
2021-06-03 17:00:00 INFO  For browser successful:19 - The browser is launching
2021-06-03 17:00:10 INFO  For browser successful:27 - The launching browser successfully
2021-06-03 17:00:10 INFO  For browser successful:34 - The navigate browser
2021-06-03 17:00:13 INFO  For browser successful:41 - The navigate browser successfully
2021-06-03 17:00:13 INFO  For browser successful:48 - The login page open successfully
2021-06-03 17:00:13 INFO  For browser successful:49 - The create user name and password
2021-06-03 17:00:22 INFO  For browser successful:61 - The login page is successfully closed
2021-06-03 17:00:22 INFO  For browser successful:67 - The create user page successfully open
2021-06-03 17:00:36 INFO  For browser successful:72 - The create user names
2021-06-03 17:00:39 INFO  For browser successful:82 - The create user page closed successfully
2021-06-03 17:00:39 INFO  For browser successful:91 - The open modify the user names page
2021-06-03 17:00:40 INFO  For browser successful:120 - The delete user page
2021-06-03 17:00:40 INFO  For browser successful:136 - The successfully deleted user page
2021-06-03 17:00:40 INFO  For browser successful:141 - The logout page is enter
2021-06-03 17:00:41 INFO  For browser successful:148 - The logout is successfully
2021-06-03 17:00:41 INFO  For browser successful:155 - The application close successfully
2021-06-03 17:28:29 INFO  For browser successful:18 - The browser launch successfully
2021-06-03 17:28:38 INFO  For browser successful:32 - The browser navigate
2021-06-03 17:28:48 INFO  For browser successful:45 - The login page open successfully 
2021-06-03 17:28:48 INFO  For browser successful:46 - The user name and password provided
2021-06-03 17:28:53 INFO  For browser successful:61 - The page minimize successfully
2021-06-03 17:28:57 INFO  For browser successful:74 - The user created successfully
2021-06-03 17:29:13 INFO  For browser successful:97 - The user2 created successfully
2021-06-03 17:29:22 INFO  For browser successful:118 - The user3 created successfully
2021-06-03 17:29:23 INFO  For browser successful:139 - The logout option performed
2021-06-03 17:29:24 INFO  For browser successful:152 - The user1loging successfully
2021-06-03 17:29:24 INFO  For browser successful:169 - The user1logout successfully
2021-06-03 17:29:25 INFO  For browser successful:182 - The user2loging successfully
2021-06-03 17:29:25 INFO  For browser successful:199 - The user2logout successfully
2021-06-03 17:29:27 INFO  For browser successful:212 - The user3loging successfully
2021-06-03 17:29:27 INFO  For browser successful:229 - The user3logout successfully
2021-06-03 17:29:28 INFO  For browser successful:242 - The admin1login successfully
2021-06-03 17:29:28 INFO  For browser successful:257 - The deleteuser1 successfully
2021-06-03 17:29:29 INFO  For browser successful:279 - The deleteuser2 successfully
2021-06-03 17:29:29 INFO  For browser successful:301 - The deleteuser3 successfully
2021-06-03 17:29:30 INFO  For browser successful:323 - The admin1logout successfully
2021-06-03 17:29:33 INFO  For browser successful:336 - The application close successfully
2021-06-03 17:31:20 INFO  For browser successful:18 - The browser launch successfully
2021-06-03 17:31:26 INFO  For browser successful:32 - The browser navigate
2021-06-03 17:31:31 INFO  For browser successful:45 - The login page open successfully 
2021-06-03 17:31:31 INFO  For browser successful:46 - The user name and password provided
2021-06-03 17:31:35 INFO  For browser successful:61 - The page minimize successfully
2021-06-03 17:31:39 INFO  For browser successful:74 - The user created successfully
2021-06-03 17:31:55 INFO  For browser successful:97 - The user2 created successfully
2021-06-03 17:32:04 INFO  For browser successful:118 - The user3 created successfully
2021-06-03 17:32:13 INFO  For browser successful:139 - The logout option performed
2021-06-03 17:32:15 INFO  For browser successful:152 - The user1loging successfully
2021-06-03 17:32:37 INFO  For browser successful:169 - The user1logout successfully
2021-06-03 17:32:40 INFO  For browser successful:182 - The user2loging successfully
2021-06-03 17:32:46 INFO  For browser successful:199 - The user2logout successfully
2021-06-03 17:32:48 INFO  For browser successful:212 - The user3loging successfully
2021-06-03 17:32:54 INFO  For browser successful:229 - The user3logout successfully
2021-06-03 17:32:56 INFO  For browser successful:242 - The admin1login successfully
2021-06-03 17:32:58 INFO  For browser successful:257 - The deleteuser1 successfully
2021-06-03 17:33:09 INFO  For browser successful:279 - The deleteuser2 successfully
2021-06-03 17:33:19 INFO  For browser successful:301 - The deleteuser3 successfully
2021-06-03 17:33:28 INFO  For browser successful:323 - The admin1logout successfully
2021-06-03 17:33:31 INFO  For browser successful:336 - The application close successfully
2021-06-03 17:50:03 INFO  For browser successful:18 - The browser launch successfully
2021-06-03 17:50:07 INFO  For browser successful:32 - The browser navigate
2021-06-03 17:50:13 INFO  For browser successful:45 - The login page open successfully 
2021-06-03 17:50:13 INFO  For browser successful:46 - The user name and password provided
2021-06-03 17:50:15 INFO  For browser successful:61 - The page minimize successfully
2021-06-03 17:50:17 INFO  For browser successful:74 - The user1 created successfully
2021-06-03 17:50:31 INFO  For browser successful:97 - The logout successfully
2021-06-03 17:50:34 INFO  For browser successful:110 - The user1login successfully
2021-06-03 17:50:43 INFO  For browser successful:127 - The user2 created successfully
2021-06-03 17:50:55 INFO  For browser successful:150 - The user1logout successfully
2021-06-03 17:50:58 INFO  For browser successful:163 - The user2loging successfully
2021-06-03 17:51:04 INFO  For browser successful:180 - The user3 created successfully
2021-06-03 17:51:15 INFO  For browser successful:203 - The user2logout successfully
2021-06-03 17:51:18 INFO  For browser successful:216 - The admin1login successfully
2021-06-03 17:51:20 INFO  For browser successful:230 - The modifyuser1 successfully
2021-06-03 17:51:34 INFO  For browser successful:260 - The admin1logout successfully
2021-06-03 17:51:36 INFO  For browser successful:273 - The user1loginagain successfully
2021-06-03 17:51:39 INFO  For browser successful:289 - The modifyuser2 successfully
2021-06-03 17:51:52 INFO  For browser successful:319 - The user1logoutagain successfully
2021-06-03 17:51:55 INFO  For browser successful:332 - The user2loginagain successfully
2021-06-03 17:51:58 INFO  For browser successful:348 - The modifyuser3 successfully
2021-06-03 17:52:11 INFO  For browser successful:378 - The user2logoutagain successfully
2021-06-03 17:52:14 INFO  For browser successful:391 - The user2loginagain successfully
2021-06-03 17:52:16 INFO  For browser successful:408 - The deleteuser3 successfully
2021-06-03 17:52:26 INFO  For browser successful:430 - The user2logoutagain successfully
2021-06-03 17:52:28 INFO  For browser successful:443 - The user1loginagain successfully
2021-06-03 17:52:31 INFO  For browser successful:460 - The deleteuser2 successfully
2021-06-03 17:52:41 INFO  For browser successful:482 - The user1logoutagainagain successfully
2021-06-03 17:52:44 INFO  For browser successful:495 - The admin1loginagain successfully
2021-06-03 17:52:46 INFO  For browser successful:510 - The deleteuser1 successfully
2021-06-03 17:52:56 INFO  For browser successful:532 - The admin1logoutagai successfully
2021-06-03 17:52:59 INFO  For browser successful:545 - The application close successfully
2021-06-03 19:50:05 INFO  For browser successful:21 - The execution  start here!!!!!
2021-06-03 19:50:29 INFO  For browser successful:35 - The navigate  browser
2021-06-03 19:50:57 INFO  For browser successful:48 - provide user name and password
2021-06-03 19:51:11 INFO  For browser successful:55 - The login successfully launch
2021-06-03 19:51:11 INFO  For browser successful:64 - The create user here
2021-06-03 19:51:35 INFO  For browser successful:78 - The creating user successfully
2021-06-03 19:51:35 INFO  For browser successful:87 - The deleting user here
2021-06-03 19:51:37 INFO  For browser successful:106 - The browser is logout here
2021-06-03 19:51:42 INFO  For browser successful:113 - The logout successfully
2021-06-03 19:51:42 INFO  For browser successful:120 - The application is close here
2021-06-03 19:51:43 INFO  For browser successful:126 - The application close successfully
2021-06-03 21:46:23 INFO  For browser successful:21 - The execution  start here!!!!!
2021-06-03 21:46:54 INFO  For browser successful:35 - The navigate  browser
2021-06-03 21:47:24 INFO  For browser successful:48 - provide user name and password
2021-06-03 21:47:42 INFO  For browser successful:55 - The login successfully launch
2021-06-03 21:47:42 INFO  For browser successful:64 - The create user here
2021-06-03 21:48:10 INFO  For browser successful:78 - The creating user successfully
2021-06-03 21:48:10 INFO  For browser successful:87 - The deleting user here
2021-06-03 21:48:12 INFO  For browser successful:106 - The browser is logout here
2021-06-03 21:48:17 INFO  For browser successful:113 - The logout successfully
2021-06-03 21:48:17 INFO  For browser successful:120 - The application is close here
2021-06-03 21:48:19 INFO  For browser successful:126 - The application close successfully
2021-06-03 21:56:58 INFO  For browser successful:21 - The execution  start here!!!!!
2021-06-03 21:57:02 INFO  For browser successful:35 - The navigate  browser
2021-06-03 21:57:11 INFO  For browser successful:48 - provide user name and password
2021-06-03 21:57:20 INFO  For browser successful:55 - The login successfully launch
2021-06-03 21:57:20 INFO  For browser successful:64 - The create user here
2021-06-03 21:58:19 INFO  For browser successful:78 - The creating user successfully
2021-06-03 21:58:19 INFO  For browser successful:87 - The deleting user here
2021-06-03 21:58:21 INFO  For browser successful:106 - The browser is logout here
2021-06-03 21:58:25 INFO  For browser successful:113 - The logout successfully
2021-06-03 21:58:25 INFO  For browser successful:120 - The application is close here
2021-06-03 21:58:26 INFO  For browser successful:126 - The application close successfully
2021-06-04 09:36:07 INFO  For browser successful:21 - The execution  start here!!!!!
2021-06-04 09:36:35 INFO  For browser successful:35 - The navigate  browser
2021-06-04 09:36:51 INFO  For browser successful:48 - provide user name and password
2021-06-04 09:37:05 INFO  For browser successful:55 - The login successfully launch
2021-06-04 09:37:05 INFO  For browser successful:64 - The createuser page login successfully
2021-06-04 09:37:15 INFO  For browser successful:69 - The firstname provide successfully
2021-06-04 09:37:25 INFO  For browser successful:79 - The creating user successfully
2021-06-04 09:37:25 INFO  For browser successful:88 - The deleting user here
2021-06-04 09:37:26 INFO  For browser successful:107 - The browser is logout here
2021-06-04 09:37:31 INFO  For browser successful:114 - The browser logout successfully
2021-06-04 09:37:31 INFO  For browser successful:121 - The application is close here
2021-06-04 09:37:32 INFO  For browser successful:127 - The application close successfully
2021-06-04 10:36:49 INFO  For browser successful:21 - The execution  start here!!!!!
2021-06-04 10:36:57 INFO  For browser successful:35 - The navigate  browser
2021-06-04 10:37:09 INFO  For browser successful:48 - provide user name and password
2021-06-04 10:37:20 INFO  For browser successful:55 - The login successfully launch
2021-06-04 10:37:20 INFO  For browser successful:64 - The createuser page login successfully
2021-06-04 10:37:28 INFO  For browser successful:69 - The firstname provide successfully
2021-06-04 10:37:38 INFO  For browser successful:79 - The creating user successfully
2021-06-04 10:37:38 INFO  For browser successful:88 - The deleting user here
2021-06-04 10:37:39 INFO  For browser successful:107 - The browser is logout here
2021-06-04 10:37:45 INFO  For browser successful:114 - The browser logout successfully
2021-06-04 10:37:45 INFO  For browser successful:121 - The application is close here
2021-06-04 10:37:45 INFO  For browser successful:127 - The application close successfully
2021-06-04 10:40:26 INFO  For browser successful:21 - The execution  start here!!!!!
2021-06-04 10:40:32 INFO  For browser successful:35 - The navigate  browser
2021-06-04 10:40:40 INFO  For browser successful:48 - provide user name and password
2021-06-04 10:40:49 INFO  For browser successful:55 - The login successfully launch
2021-06-04 10:40:49 INFO  For browser successful:64 - The createuser page login successfully
2021-06-04 10:40:55 INFO  For browser successful:69 - The firstname provide successfully
2021-06-04 10:41:05 INFO  For browser successful:79 - The creating user successfully
2021-06-04 10:41:05 INFO  For browser successful:88 - The deleting user here
2021-06-04 10:41:05 INFO  For browser successful:107 - The browser is logout here
2021-06-04 10:41:11 INFO  For browser successful:114 - The browser logout successfully
2021-06-04 10:41:11 INFO  For browser successful:121 - The application is close here
2021-06-04 10:41:13 INFO  For browser successful:127 - The application close successfully
2021-06-04 10:46:11 INFO  For browser successful:21 - The execution  start here!!!!!
2021-06-04 10:46:17 INFO  For browser successful:35 - The navigate  browser
2021-06-04 10:46:29 INFO  For browser successful:48 - provide user name and password
2021-06-04 10:46:41 INFO  For browser successful:55 - The login successfully launch
2021-06-04 10:46:41 INFO  For browser successful:64 - The createuser page login successfully
2021-06-04 10:46:49 INFO  For browser successful:69 - The firstname provide successfully
2021-06-04 10:46:59 INFO  For browser successful:79 - The creating user successfully
2021-06-04 10:46:59 INFO  For browser successful:88 - The deleting user here
2021-06-04 10:47:01 INFO  For browser successful:107 - The browser is logout here
2021-06-04 10:47:05 INFO  For browser successful:114 - The browser logout successfully
2021-06-04 10:47:05 INFO  For browser successful:121 - The application is close here
2021-06-04 10:47:06 INFO  For browser successful:127 - The application close successfully
2021-06-04 10:49:17 INFO  For browser successful:21 - The execution  start here!!!!!
2021-06-04 10:49:24 INFO  For browser successful:35 - The navigate  browser
2021-06-04 10:49:32 INFO  For browser successful:48 - provide user name and password
2021-06-04 10:49:40 INFO  For browser successful:55 - The login successfully launch
2021-06-04 10:49:40 INFO  For browser successful:64 - The createuser page login successfully
2021-06-04 10:49:48 INFO  For browser successful:69 - The firstname provide successfully
2021-06-04 10:49:58 INFO  For browser successful:79 - The creating user successfully
2021-06-04 10:49:58 INFO  For browser successful:88 - The deleting user here
2021-06-04 10:49:59 INFO  For browser successful:107 - The browser is logout here
2021-06-04 10:50:00 INFO  For browser successful:114 - The browser logout successfully
2021-06-04 10:50:00 INFO  For browser successful:121 - The application is close here
2021-06-04 10:50:02 INFO  For browser successful:127 - The application close successfully
2021-06-04 10:50:53 INFO  For browser successful:21 - The execution  start here!!!!!
2021-06-04 10:51:01 INFO  For browser successful:35 - The navigate  browser
2021-06-04 10:51:07 INFO  For browser successful:48 - provide user name and password
2021-06-04 10:51:16 INFO  For browser successful:55 - The login successfully launch
2021-06-04 10:51:16 INFO  For browser successful:64 - The createuser page login successfully
2021-06-04 10:51:22 INFO  For browser successful:69 - The firstname provide successfully
2021-06-04 10:51:33 INFO  For browser successful:79 - The creating user successfully
2021-06-04 10:51:33 INFO  For browser successful:88 - The deleting user here
2021-06-04 10:51:33 INFO  For browser successful:107 - The browser is logout here
2021-06-04 10:51:38 INFO  For browser successful:114 - The browser logout successfully
2021-06-04 10:51:38 INFO  For browser successful:121 - The application is close here
2021-06-04 10:51:39 INFO  For browser successful:127 - The application close successfully
2021-06-05 17:29:57 INFO  Home Work1:19 - The Execution Program Starts Here!!!!!
2021-06-05 17:29:57 INFO  Home Work1:21 - WebBrowser opens Successfully!!!!!
2021-06-05 17:30:25 INFO  Home Work1:24 - Successfully maximized!!!!!!!!!!
2021-06-05 17:30:49 INFO  Home Work1:36 - login page navigated Successfully!!!!!
2021-06-05 17:30:53 INFO  Home Work1:49 - user name entered  Successfully!!!!!
2021-06-05 17:30:55 INFO  Home Work1:52 - Password entered  Successfully!!!!!
2021-06-05 17:30:58 INFO  Home Work1:55 - Login Button entered  Successfully!!!!!
2021-06-05 17:31:17 INFO  Home Work1:57 - popup window closed Successfully!!!!!
2021-06-05 17:31:27 INFO  Home Work1:67 - UserButton Clicked Successfully!!!!!
2021-06-05 17:31:37 INFO  Home Work1:127 - Closed Application Successfully!!!!!
2021-06-05 17:33:10 INFO  Home Work1:19 - The Execution Program Starts Here!!!!!
2021-06-05 17:33:10 INFO  Home Work1:21 - WebBrowser opens Successfully!!!!!
2021-06-05 17:33:38 INFO  Home Work1:24 - Successfully maximized!!!!!!!!!!
2021-06-05 17:33:50 INFO  Home Work1:36 - login page navigated Successfully!!!!!
2021-06-05 17:33:54 INFO  Home Work1:49 - user name entered  Successfully!!!!!
2021-06-05 17:33:56 INFO  Home Work1:52 - Password entered  Successfully!!!!!
2021-06-05 17:33:58 INFO  Home Work1:55 - Login Button entered  Successfully!!!!!
2021-06-05 17:34:02 INFO  Home Work1:57 - popup window closed Successfully!!!!!
2021-06-05 17:34:06 INFO  Home Work1:67 - UserButton Clicked Successfully!!!!!
2021-06-05 17:34:13 INFO  Home Work1:127 - Closed Application Successfully!!!!!
2021-06-05 17:36:25 INFO  Home Work1:19 - The Execution Program Starts Here!!!!!
2021-06-05 17:36:25 INFO  Home Work1:21 - WebBrowser opens Successfully!!!!!
2021-06-05 17:36:34 INFO  Home Work1:24 - Successfully maximized!!!!!!!!!!
2021-06-05 17:36:53 INFO  Home Work1:36 - login page navigated Successfully!!!!!
2021-06-05 17:36:58 INFO  Home Work1:49 - user name entered  Successfully!!!!!
2021-06-05 17:37:00 INFO  Home Work1:52 - Password entered  Successfully!!!!!
2021-06-05 17:37:02 INFO  Home Work1:55 - Login Button entered  Successfully!!!!!
2021-06-05 17:37:05 INFO  Home Work1:57 - popup window closed Successfully!!!!!
2021-06-05 17:37:10 INFO  Home Work1:67 - UserButton Clicked Successfully!!!!!
2021-06-05 17:37:16 INFO  Home Work1:71 - firstname entered Successfully!!!!!
2021-06-05 17:37:16 INFO  Home Work1:73 - lastname entered Successfully!!!!!
2021-06-05 17:37:16 INFO  Home Work1:75 - email entered Successfully!!!!!
2021-06-05 17:37:18 INFO  Home Work1:78 - Usernsme entered Successfully!!!!!
2021-06-05 17:37:18 INFO  Home Work1:80 - password entered Successfully!!!!!
2021-06-05 17:37:18 INFO  Home Work1:82 - passwordCopy enterd sucessfully!!!!!
2021-06-05 17:37:20 INFO  Home Work1:85 - UserCreated Successfully!!!!!
2021-06-05 17:37:24 INFO  Home Work1:115 - Logout Successfully!!!!!
2021-06-05 17:37:25 INFO  Home Work1:128 - Closed Application Successfully!!!!!
